c:\users\codemist\desktop\aip\bin\intermediate\debug.x64\aip_dcs\aip_dcs.pch
c:\users\codemist\desktop\aip\bin\intermediate\debug.x64\aip_dcs\vc143.pdb
c:\users\codemist\desktop\aip\bin\intermediate\debug.x64\aip_dcs\vc143.idb
c:\users\codemist\desktop\aip\bin\intermediate\debug.x64\aip_dcs\pch.obj
c:\users\codemist\desktop\aip\bin\intermediate\debug.x64\aip_dcs\bt_factory.obj
c:\users\codemist\desktop\aip\bin\intermediate\debug.x64\aip_dcs\task_pure.obj
c:\users\codemist\desktop\aip\bin\intermediate\debug.x64\aip_dcs\task_empty.obj
c:\users\codemist\desktop\aip\bin\intermediate\debug.x64\aip_dcs\selecttarget.obj
c:\users\codemist\desktop\aip\bin\intermediate\debug.x64\aip_dcs\efsf_selector.obj
c:\users\codemist\desktop\aip\bin\intermediate\debug.x64\aip_dcs\distanceupdate.obj
c:\users\codemist\desktop\aip\bin\intermediate\debug.x64\aip_dcs\directionvectorupdate.obj
c:\users\codemist\desktop\aip\bin\intermediate\debug.x64\aip_dcs\checksight.obj
c:\users\codemist\desktop\aip\bin\intermediate\debug.x64\aip_dcs\aspectangleupdate.obj
c:\users\codemist\desktop\aip\bin\intermediate\debug.x64\aip_dcs\angleoffupdate.obj
c:\users\codemist\desktop\aip\bin\intermediate\debug.x64\aip_dcs\functions.obj
c:\users\codemist\desktop\aip\bin\intermediate\debug.x64\aip_dcs\deco_loscheck.obj
c:\users\codemist\desktop\aip\bin\intermediate\debug.x64\aip_dcs\deco_distancecheck.obj
c:\users\codemist\desktop\aip\bin\intermediate\debug.x64\aip_dcs\deco_bfmcheck.obj
c:\users\codemist\desktop\aip\bin\intermediate\debug.x64\aip_dcs\deco_angleoffcheck.obj
c:\users\codemist\desktop\aip\bin\intermediate\debug.x64\aip_dcs\cppblackboard.obj
c:\users\codemist\desktop\aip\bin\intermediate\debug.x64\aip_dcs\blackboard.obj
c:\users\codemist\desktop\aip\bin\intermediate\debug.x64\aip_dcs\behavior_tree.obj
c:\users\codemist\desktop\aip\bin\intermediate\debug.x64\aip_dcs\basic_types.obj
c:\users\codemist\desktop\aip\bin\intermediate\debug.x64\aip_dcs\action_node.obj
c:\users\codemist\desktop\aip\bin\intermediate\debug.x64\aip_dcs\tree_node.obj
c:\users\codemist\desktop\aip\bin\intermediate\debug.x64\aip_dcs\tinyxml2.obj
c:\users\codemist\desktop\aip\bin\intermediate\debug.x64\aip_dcs\shared_library_win.obj
c:\users\codemist\desktop\aip\bin\intermediate\debug.x64\aip_dcs\shared_library.obj
c:\users\codemist\desktop\aip\bin\intermediate\debug.x64\aip_dcs\decorator_node.obj
c:\users\codemist\desktop\aip\bin\intermediate\debug.x64\aip_dcs\timeout_node.obj
c:\users\codemist\desktop\aip\bin\intermediate\debug.x64\aip_dcs\subtree_node.obj
c:\users\codemist\desktop\aip\bin\intermediate\debug.x64\aip_dcs\retry_node.obj
c:\users\codemist\desktop\aip\bin\intermediate\debug.x64\aip_dcs\repeat_node.obj
c:\users\codemist\desktop\aip\bin\intermediate\debug.x64\aip_dcs\inverter_node.obj
c:\users\codemist\desktop\aip\bin\intermediate\debug.x64\aip_dcs\cppbehaviortree.obj
c:\users\codemist\desktop\aip\bin\intermediate\debug.x64\aip_dcs\control_node.obj
c:\users\codemist\desktop\aip\bin\intermediate\debug.x64\aip_dcs\switch_node.obj
c:\users\codemist\desktop\aip\bin\intermediate\debug.x64\aip_dcs\sequence_star_node.obj
c:\users\codemist\desktop\aip\bin\intermediate\debug.x64\aip_dcs\sequence_node.obj
c:\users\codemist\desktop\aip\bin\intermediate\debug.x64\aip_dcs\reactive_sequence.obj
c:\users\codemist\desktop\aip\bin\intermediate\debug.x64\aip_dcs\reactive_fallback.obj
c:\users\codemist\desktop\aip\bin\intermediate\debug.x64\aip_dcs\parallel_node.obj
c:\users\codemist\desktop\aip\bin\intermediate\debug.x64\aip_dcs\fallback_node.obj
c:\users\codemist\desktop\aip\bin\intermediate\debug.x64\aip_dcs\condition_node.obj
c:\users\codemist\desktop\aip\bin\intermediate\debug.x64\aip_dcs\libmain.obj
c:\users\codemist\desktop\aip\bin\intermediate\debug.x64\aip_dcs\vector4.obj
c:\users\codemist\desktop\aip\bin\intermediate\debug.x64\aip_dcs\vector3.obj
c:\users\codemist\desktop\aip\bin\intermediate\debug.x64\aip_dcs\quaternion.obj
c:\users\codemist\desktop\aip\bin\intermediate\debug.x64\aip_dcs\matrix4.obj
c:\users\codemist\desktop\aip\bin\intermediate\debug.x64\aip_dcs\matrix3.obj
c:\users\codemist\desktop\aip\bin\intermediate\debug.x64\aip_dcs\math.obj
c:\users\codemist\desktop\aip\bin\intermediate\debug.x64\aip_dcs\eulerangle.obj
c:\users\codemist\desktop\aip\bin\intermediate\debug.x64\aip_dcs\coordinateconverter.obj
c:\users\codemist\desktop\aip\bin\intermediate\debug.x64\aip_dcs\controller_cy.obj
c:\users\codemist\desktop\aip\bin\intermediate\debug.x64\aip_dcs\axisangle.obj
c:\users\codemist\desktop\aip\bin\intermediate\debug.x64\aip_dcs\angle.obj
c:\users\codemist\desktop\aip\bin\intermediate\debug.x64\aip_dcs\dllmain.obj
c:\users\codemist\desktop\aip\bin\intermediate\debug.x64\aip_dcs\xml_parsing.obj
c:\users\codemist\desktop\aip\bin\debug.x64\aip_dcs.dll
c:\users\codemist\desktop\aip\bin\debug.x64\aip_dcs.pdb
c:\users\codemist\desktop\aip\bin\debug.x64\aip_dcs.lib
c:\users\codemist\desktop\aip\bin\debug.x64\aip_dcs.exp
c:\users\codemist\desktop\aip\bin\intermediate\debug.x64\aip_dcs\aip_dcs.ilk
c:\users\codemist\desktop\aip\aip_dcs\../bin/debug.x64\aip_dcs.pdb
c:\users\codemist\desktop\aip\aip_dcs\../bin/intermediate/debug.x64/aip_dcs\aip_dcs.vcxproj.filelistabsolute.txt
c:\users\codemist\desktop\aip\bin\intermediate\debug.x64\aip_dcs\aip_dcs.tlog\cl.command.1.tlog
c:\users\codemist\desktop\aip\bin\intermediate\debug.x64\aip_dcs\aip_dcs.tlog\cl.items.tlog
c:\users\codemist\desktop\aip\bin\intermediate\debug.x64\aip_dcs\aip_dcs.tlog\cl.read.1.tlog
c:\users\codemist\desktop\aip\bin\intermediate\debug.x64\aip_dcs\aip_dcs.tlog\cl.write.1.tlog
c:\users\codemist\desktop\aip\bin\intermediate\debug.x64\aip_dcs\aip_dcs.tlog\link.command.1.tlog
c:\users\codemist\desktop\aip\bin\intermediate\debug.x64\aip_dcs\aip_dcs.tlog\link.read.1.tlog
c:\users\codemist\desktop\aip\bin\intermediate\debug.x64\aip_dcs\aip_dcs.tlog\link.secondary.1.tlog
c:\users\codemist\desktop\aip\bin\intermediate\debug.x64\aip_dcs\aip_dcs.tlog\link.write.1.tlog
